\BOOKMARK [2][-]{subsection.0.1}{T-matrix and S-matrix}{}% 1
\BOOKMARK [2][-]{subsection.0.2}{An identity}{}% 2
\BOOKMARK [2][-]{subsection.0.3}{Landau's theory of Fermi liquid}{}% 3
\BOOKMARK [2][-]{subsection.0.4}{The model}{}% 4
\BOOKMARK [2][-]{subsection.0.5}{Atomic limit \(t=0\)}{}% 5
\BOOKMARK [2][-]{subsection.0.6}{Non-interacting limit \(U=0\):}{}% 6
\BOOKMARK [2][-]{subsection.0.7}{Total Hamiltonian: Mean field treatment}{}% 7
\BOOKMARK [2][-]{subsection.0.8}{Some points:}{}% 8
\BOOKMARK [2][-]{subsection.0.9}{Derivation of the Kondo Hamiltonian:}{}% 9
\BOOKMARK [2][-]{subsection.0.10}{Obtaining the resistivity minimum and log-dependence}{}% 10
\BOOKMARK [2][-]{subsection.0.11}{The Kondo resonance}{}% 11
\BOOKMARK [2][-]{subsection.0.12}{Adiabatic route to the Kondo resonance}{}% 12
\BOOKMARK [2][-]{subsection.0.13}{The Kondo temperature}{}% 13
\BOOKMARK [2][-]{subsection.0.14}{Poor man's scaling}{}% 14
\BOOKMARK [2][-]{subsection.0.15}{Universality}{}% 15
\BOOKMARK [2][-]{subsection.0.16}{Method of pseudo-fermions}{}% 16
\BOOKMARK [2][-]{subsection.0.17}{Nozi\350res' local Fermi liquid theory}{}% 17
\BOOKMARK [2][-]{subsection.0.18}{Numerical renormalization group calculation}{}% 18
\BOOKMARK [2][-]{subsection.0.19}{Correspondence between the Anderson model fixed-point Hamiltonian and a Fermi liquid}{}% 19
\BOOKMARK [2][-]{subsection.0.20}{Microscopic approach}{}% 20
