This is pdfTeX, Version 3.1415926-2.4-1.40.13 (TeX Live 2012) (format=pdflatex 2012.6.30)  8 SEP 2020 11:01
entering extended mode
 restricted \write18 enabled.
 %&-line parsing enabled.
**KondoURG14June2020.tex
(./KondoURG14June2020.tex
LaTeX2e <2011/06/27>
Babel <v3.8m> and hyphenation patterns for english, dumylang, nohyphenation, ge
rman-x-2012-05-30, ngerman-x-2012-05-30, afrikaans, ancientgreek, ibycus, arabi
c, armenian, basque, bulgarian, catalan, pinyin, coptic, croatian, czech, danis
h, dutch, ukenglish, usenglishmax, esperanto, estonian, ethiopic, farsi, finnis
h, french, friulan, galician, german, ngerman, swissgerman, monogreek, greek, h
ungarian, icelandic, assamese, bengali, gujarati, hindi, kannada, malayalam, ma
rathi, oriya, panjabi, tamil, telugu, indonesian, interlingua, irish, italian, 
kurmanji, latin, latvian, lithuanian, mongolian, mongolianlmc, bokmal, nynorsk,
 polish, portuguese, romanian, romansh, russian, sanskrit, serbian, serbianc, s
lovak, slovenian, spanish, swedish, turkish, turkmen, ukrainian, uppersorbian, 
welsh, loaded.
(./revtex4-2.cls
Document Class: revtex4-2 2019/01/18/14:29:48 4.2c (https://journals.aps.org/re
vtex/ for documentation)
 Copyright (c) 2019 American Physical Society.
 mailto:revtex@aps.org
 Licensed under the LPPL:
http://www.ctan.org/tex-archive/macros/latex/base/lppl.txt
 Arthur Ogawa <arthur_ogawa at sbcglobal dot net>
 Based on work by David Carlisle <david at dcarlisle.demon.co.uk>Version (4.2c)
: Modified by Mark Doyle
 .
ltxutil[2019/01/18/14:29:48 4.2c utilities package (portions licensed from W. E
. Baxter web at superscript.com)]
LaTeX Info: Redefining \@centercr on input line 315.
Class revtex4-2 Info: Repairing broken LaTeX eqnarray on input line 365.
\eqncolsep=\skip41
Class revtex4-2 Info: Repairing hyperref-unfriendly LaTeX definition of \mpfoot
note on input line 440.
Class revtex4-2 Info: Repairing broken LateX \@sect on input line 762.
\intertabularlinepenalty=\count79
\@tbpen=\count80
\@arstrutbox@hline=\box26
Class revtex4-2 Info: Repairing broken LaTeX \@xbitor on input line 1793.
Class revtex4-2 Info: Making \typeout \long on input line 2053.
ltxfront[2019/01/18/14:29:48 4.2c frontmatter package (AO,DPC,MD)]
\c@affil=\count81
\c@collab=\count82
\absbox=\box27
ltxgrid[2019/01/18/14:29:48 4.2c page grid package (portions licensed from W. E
. Baxter web at superscript.com)]
\c@linecount=\count83
\output@latex=\toks14
\box@size@1=\box28
\box@size@2=\box29
\@protection@box=\box30
\@topmark@saved=\toks15
\footins@saved=\box31
\footins@recovered=\box32
\column@recovered=\box33
\pagesofar=\box34
\footsofar=\box35
\pagegrid@col=\count84
Class revtex4-2 Info: Overriding \@vspace, \@vspacer, \@no@pgbk, \@newline, and
 \\  on input line 5585.
\c@part=\count85
\c@section=\count86
\c@subsection=\count87
\c@subsubsection=\count88
\c@paragraph=\count89
\c@subparagraph=\count90
\abovecaptionskip=\skip42
\belowcaptionskip=\skip43
\c@figure=\count91
\fbox@1=\box36
\c@table=\count92
\fbox@2=\box37
\c@video=\count93
\fbox@4=\box38
\@bibdataout=\write3
\widetext@top=\box39
\widetext@bot=\box40
Class revtex4-2 Info: Selecting society aps on input line 7581.
(./aps4-2.rtx
File: aps4-2 2019/01/18/14:29:48 4.2c (https://journals.aps.org/revtex/ for doc
umentation)
Class revtex4-2 Info: RevTeX society APS selected on input line 37.
)
Class revtex4-2 Info: Selecting journal prb on input line 7583.
Class revtex4-2 Info: APS journal PRB selected on input line 7584.
 (./aps12pt4-2.rtx
File: aps12pt4-2 2019/01/18/14:29:48 4.2c (https://journals.aps.org/revtex/ for
 documentation)
Class revtex4-2 Info: RevTeX pointsize 12pt selected on input line 36.
)
(/usr/local/texlive/2012/texmf-dist/tex/latex/textcase/textcase.sty
Package: textcase 2004/10/07 v0.07 Text only upper/lower case changing (DPC)
)
(/usr/local/texlive/2012/texmf-dist/tex/latex/url/url.sty
\Urlmuskip=\muskip10
Package: url 2006/04/12  ver 3.3  Verb mode for urls, etc.
)
(/usr/local/texlive/2012/texmf-dist/tex/latex/natbib/natbib.sty
Package: natbib 2010/09/13 8.31b (PWD, AO)
\bibhang=\skip44
\bibsep=\skip45
LaTeX Info: Redefining \cite on input line 694.
\c@NAT@ctr=\count94
)
Class revtex4-2 Info: Repairing natbib's \BibitemShut on input line 7588.

(./revsymb4-2.sty
Package: revsymb4-2 2019/01/18/14:29:48 4.2c (https://journals.aps.org/revtex/ 
for documentation)
LaTeX Info: Redefining \REV@mathfrak on input line 125.
))
(/usr/local/texlive/2012/texmf-dist/tex/latex/graphics/graphicx.sty
Package: graphicx 1999/02/16 v1.0f Enhanced LaTeX Graphics (DPC,SPQR)

(/usr/local/texlive/2012/texmf-dist/tex/latex/graphics/keyval.sty
Package: keyval 1999/03/16 v1.13 key=value parser (DPC)
\KV@toks@=\toks16
)
(/usr/local/texlive/2012/texmf-dist/tex/latex/graphics/graphics.sty
Package: graphics 2009/02/05 v1.0o Standard LaTeX Graphics (DPC,SPQR)

(/usr/local/texlive/2012/texmf-dist/tex/latex/graphics/trig.sty
Package: trig 1999/03/16 v1.09 sin cos tan (DPC)
)
(/usr/local/texlive/2012/texmf-dist/tex/latex/latexconfig/graphics.cfg
File: graphics.cfg 2010/04/23 v1.9 graphics configuration of TeX Live
)
Package graphics Info: Driver file: pdftex.def on input line 91.

(/usr/local/texlive/2012/texmf-dist/tex/latex/pdftex-def/pdftex.def
File: pdftex.def 2011/05/27 v0.06d Graphics/color for pdfTeX

(/usr/local/texlive/2012/texmf-dist/tex/generic/oberdiek/infwarerr.sty
Package: infwarerr 2010/04/08 v1.3 Providing info/warning/error messages (HO)
)
(/usr/local/texlive/2012/texmf-dist/tex/generic/oberdiek/ltxcmds.sty
Package: ltxcmds 2011/11/09 v1.22 LaTeX kernel commands for general use (HO)
)
\Gread@gobject=\count95
))
\Gin@req@height=\dimen102
\Gin@req@width=\dimen103
)
(/usr/local/texlive/2012/texmf-dist/tex/latex/amsmath/amsmath.sty
Package: amsmath 2000/07/18 v2.13 AMS math features
\@mathmargin=\skip46

For additional information on amsmath, use the `?' option.
(/usr/local/texlive/2012/texmf-dist/tex/latex/amsmath/amstext.sty
Package: amstext 2000/06/29 v2.01

(/usr/local/texlive/2012/texmf-dist/tex/latex/amsmath/amsgen.sty
File: amsgen.sty 1999/11/30 v2.0
\@emptytoks=\toks17
\ex@=\dimen104
)
LaTeX Info: Redefining \text on input line 53.
)
(/usr/local/texlive/2012/texmf-dist/tex/latex/amsmath/amsbsy.sty
Package: amsbsy 1999/11/29 v1.2d
\pmbraise@=\dimen105
)
(/usr/local/texlive/2012/texmf-dist/tex/latex/amsmath/amsopn.sty
Package: amsopn 1999/12/14 v2.01 operator names
)
\inf@bad=\count96
LaTeX Info: Redefining \frac on input line 211.
\uproot@=\count97
\leftroot@=\count98
LaTeX Info: Redefining \overline on input line 307.
\classnum@=\count99
\DOTSCASE@=\count100
LaTeX Info: Redefining \ldots on input line 379.
LaTeX Info: Redefining \dots on input line 382.
LaTeX Info: Redefining \cdots on input line 467.
\Mathstrutbox@=\box41
\strutbox@=\box42
\big@size=\dimen106
LaTeX Font Info:    Redeclaring font encoding OML on input line 567.
LaTeX Font Info:    Redeclaring font encoding OMS on input line 568.
\macc@depth=\count101
\c@MaxMatrixCols=\count102
\dotsspace@=\muskip11
\c@parentequation=\count103
\dspbrk@lvl=\count104
\tag@help=\toks18
\row@=\count105
\column@=\count106
\maxfields@=\count107
\andhelp@=\toks19
\eqnshift@=\dimen107
\alignsep@=\dimen108
\tagshift@=\dimen109
\tagwidth@=\dimen110
\totwidth@=\dimen111
\lineht@=\dimen112
\@envbody=\toks20
\multlinegap=\skip47
\multlinetaggap=\skip48
\mathdisplay@stack=\toks21
LaTeX Info: Redefining \[ on input line 2666.
LaTeX Info: Redefining \] on input line 2667.
)
Class revtex4-2 Info: Patching LaTeX tabular. on input line 34.
Class revtex4-2 Info: Robustifying \LaTeX's \boldmath command on input line 34.

Class revtex4-2 Info: cite was not loaded (OK!) on input line 34.
Class revtex4-2 Info: mcite was not loaded (OK!) on input line 34.
Class revtex4-2 Info: multicol was not loaded (OK!) on input line 34.

(./KondoURG14June2020.aux)
\openout1 = `KondoURG14June2020.aux'.

LaTeX Font Info:    Checking defaults for OML/cmm/m/it on input line 34.
LaTeX Font Info:    ... okay on input line 34.
LaTeX Font Info:    Checking defaults for T1/cmr/m/n on input line 34.
LaTeX Font Info:    ... okay on input line 34.
LaTeX Font Info:    Checking defaults for OT1/cmr/m/n on input line 34.
LaTeX Font Info:    ... okay on input line 34.
LaTeX Font Info:    Checking defaults for OMS/cmsy/m/n on input line 34.
LaTeX Font Info:    ... okay on input line 34.
LaTeX Font Info:    Checking defaults for OMX/cmex/m/n on input line 34.
LaTeX Font Info:    ... okay on input line 34.
LaTeX Font Info:    Checking defaults for U/cmr/m/n on input line 34.
LaTeX Font Info:    ... okay on input line 34.

(/usr/local/texlive/2012/texmf-dist/tex/context/base/supp-pdf.mkii
[Loading MPS to PDF converter (version 2006.09.02).]
\scratchcounter=\count108
\scratchdimen=\dimen113
\scratchbox=\box43
\nofMPsegments=\count109
\nofMParguments=\count110
\everyMPshowfont=\toks22
\MPscratchCnt=\count111
\MPscratchDim=\dimen114
\MPnumerator=\count112
\makeMPintoPDFobject=\count113
\everyMPtoPDFconversion=\toks23
) (/usr/local/texlive/2012/texmf-dist/tex/generic/oberdiek/pdftexcmds.sty
Package: pdftexcmds 2011/11/29 v0.20 Utility functions of pdfTeX for LuaTeX (HO
)

(/usr/local/texlive/2012/texmf-dist/tex/generic/oberdiek/ifluatex.sty
Package: ifluatex 2010/03/01 v1.3 Provides the ifluatex switch (HO)
Package ifluatex Info: LuaTeX not detected.
)
(/usr/local/texlive/2012/texmf-dist/tex/generic/oberdiek/ifpdf.sty
Package: ifpdf 2011/01/30 v2.3 Provides the ifpdf switch (HO)
Package ifpdf Info: pdfTeX in PDF mode is detected.
)
Package pdftexcmds Info: LuaTeX not detected.
Package pdftexcmds Info: \pdf@primitive is available.
Package pdftexcmds Info: \pdf@ifprimitive is available.
Package pdftexcmds Info: \pdfdraftmode found.
)
(/usr/local/texlive/2012/texmf-dist/tex/latex/oberdiek/epstopdf-base.sty
Package: epstopdf-base 2010/02/09 v2.5 Base part for package epstopdf

(/usr/local/texlive/2012/texmf-dist/tex/latex/oberdiek/grfext.sty
Package: grfext 2010/08/19 v1.1 Manage graphics extensions (HO)

(/usr/local/texlive/2012/texmf-dist/tex/generic/oberdiek/kvdefinekeys.sty
Package: kvdefinekeys 2011/04/07 v1.3 Define keys (HO)
))
(/usr/local/texlive/2012/texmf-dist/tex/latex/oberdiek/kvoptions.sty
Package: kvoptions 2011/06/30 v3.11 Key value format for package options (HO)

(/usr/local/texlive/2012/texmf-dist/tex/generic/oberdiek/kvsetkeys.sty
Package: kvsetkeys 2012/04/25 v1.16 Key value parser (HO)

(/usr/local/texlive/2012/texmf-dist/tex/generic/oberdiek/etexcmds.sty
Package: etexcmds 2011/02/16 v1.5 Avoid name clashes with e-TeX commands (HO)
Package etexcmds Info: Could not find \expanded.
(etexcmds)             That can mean that you are not using pdfTeX 1.50 or
(etexcmds)             that some package has redefined \expanded.
(etexcmds)             In the latter case, load this package earlier.
)))
Package grfext Info: Graphics extension search list:
(grfext)             [.png,.pdf,.jpg,.mps,.jpeg,.jbig2,.jb2,.PNG,.PDF,.JPG,.JPE
G,.JBIG2,.JB2,.eps]
(grfext)             \AppendGraphicsExtensions on input line 452.

(/usr/local/texlive/2012/texmf-dist/tex/latex/latexconfig/epstopdf-sys.cfg
File: epstopdf-sys.cfg 2010/07/13 v1.3 Configuration of (r)epstopdf for TeX Liv
e
))
\openout3 = `KondoURG14June2020Notes.bib'.


[1{/usr/local/texlive/2012/texmf-var/fonts/map/pdftex/updmap/pdftex.map}]
Overfull \vbox (2.65466pt too high) has occurred while \output is active []


[2] <kondoSetup.pdf, id=23, 300.10294pt x 222.87552pt>
File: kondoSetup.pdf Graphic file (type pdf)
 <use kondoSetup.pdf>
Package pdftex.def Info: kondoSetup.pdf used on input line 126.
(pdftex.def)             Requested size: 300.10219pt x 222.87497pt.

<2dKondoTN.png, id=24, 367.97475pt x 296.90926pt>
File: 2dKondoTN.png Graphic file (type png)
 <use 2dKondoTN.png>
Package pdftex.def Info: 2dKondoTN.png used on input line 131.
(pdftex.def)             Requested size: 183.98692pt x 148.45425pt.
 [3 <./kondoSetup.pdf>] [4 <./2dKondoTN.png>] [5]
Overfull \hbox (24.02573pt too wide) in paragraph at lines 229--231
\OT1/cmr/m/n/12 where $\OML/cmm/m/it/12 s[] \OT1/cmr/m/n/12 = []([] \OMS/cmsy/m
/n/12 ^^@ []\OT1/cmr/m/n/12 )$. The Kondo cou-pling RG equa-tion for the RG ste
ps(AppendixIX[])
 []

<Kondo.png, id=42, 520.344pt x 143.93774pt>
File: Kondo.png Graphic file (type png)
 <use Kondo.png>
Package pdftex.def Info: Kondo.png used on input line 249.
(pdftex.def)             Requested size: 312.2088pt x 86.3633pt.

<RG_Flow.png, id=43, 1156.32pt x 433.62pt>
File: RG_Flow.png Graphic file (type png)
 <use RG_Flow.png>
Package pdftex.def Info: RG_Flow.png used on input line 254.
(pdftex.def)             Requested size: 468.0pt x 175.49603pt.


LaTeX Warning: `!h' float specifier changed to `!ht'.

[6] [7 <./Kondo.png> <./RG_Flow.png>] [8]
<KondoComplete.png, id=57, 1011.78pt x 505.89pt>
File: KondoComplete.png Graphic file (type png)
 <use KondoComplete.png>
Package pdftex.def Info: KondoComplete.png used on input line 316.
(pdftex.def)             Requested size: 505.88876pt x 252.94437pt.

Overfull \hbox (37.88876pt too wide) in paragraph at lines 316--317
 [][] 
 []

<KondoCouplingVst.png, id=58, 505.89pt x 505.89pt>
File: KondoCouplingVst.png Graphic file (type png)
 <use KondoCouplingVst.png>
Package pdftex.def Info: KondoCouplingVst.png used on input line 320.
(pdftex.def)             Requested size: 252.94437pt x 252.94437pt.

Overfull \hbox (19.70508pt too wide) in alignment at lines 330--332
 [][][] []
 []

[9] [10 <./KondoComplete.png>] [11 <./KondoCouplingVst.png>] [12] [13]
<SusceptibilityVsTemp1.png, id=77, 722.7pt x 505.89pt>
File: SusceptibilityVsTemp1.png Graphic file (type png)

<use SusceptibilityVsTemp1.png>
Package pdftex.def Info: SusceptibilityVsTemp1.png used on input line 467.
(pdftex.def)             Requested size: 361.3491pt x 252.94437pt.

<WilsonNumber.png, id=78, 1011.78pt x 505.89pt>
File: WilsonNumber.png Graphic file (type png)
 <use WilsonNumber.png>
Package pdftex.def Info: WilsonNumber.png used on input line 468.
(pdftex.def)             Requested size: 505.88876pt x 252.94437pt.

Overfull \hbox (37.88876pt too wide) in paragraph at lines 467--469
 [] 
 []

[14] [15 <./SusceptibilityVsTemp1.png> <./WilsonNumber.png>]
<SusceptibilityVsTemp2.png, id=87, 722.7pt x 505.89pt>
File: SusceptibilityVsTemp2.png Graphic file (type png)

<use SusceptibilityVsTemp2.png>
Package pdftex.def Info: SusceptibilityVsTemp2.png used on input line 479.
(pdftex.def)             Requested size: 361.3491pt x 252.94437pt.
 [16 <./SusceptibilityVsTemp2.png>]
Overfull \hbox (18.34805pt too wide) in alignment at lines 508--514
 [][][] []
 []

[17] [18] <specificHeatCoeff.png, id=98, 505.89pt x 505.89pt>
File: specificHeatCoeff.png Graphic file (type png)

<use specificHeatCoeff.png>
Package pdftex.def Info: specificHeatCoeff.png used on input line 537.
(pdftex.def)             Requested size: 252.94437pt x 252.94437pt.
 <WilsonRatio.png, id=99, 505.89pt x 505.89pt>
File: WilsonRatio.png Graphic file (type png)

<use WilsonRatio.png>
Package pdftex.def Info: WilsonRatio.png used on input line 538.
(pdftex.def)             Requested size: 252.94437pt x 252.94437pt.
 <KC.png, id=100, 409.33728pt x 189.05832pt>
File: KC.png Graphic file (type png)
 <use KC.png>
Package pdftex.def Info: KC.png used on input line 545.
(pdftex.def)             Requested size: 327.59857pt x 151.3132pt.

<flowChart.png, id=101, 662.475pt x 272.81924pt>
File: flowChart.png Graphic file (type png)
 <use flowChart.png>
Package pdftex.def Info: flowChart.png used on input line 549.
(pdftex.def)             Requested size: 468.0pt x 192.7289pt.
 [19]
[20 <./specificHeatCoeff.png> <./WilsonRatio.png>] [21 <./KC.png> <./flowChart.
png>] <MIkondo.png, id=116, 722.7pt x 505.89pt>
File: MIkondo.png Graphic file (type png)
 <use MIkondo.png>
Package pdftex.def Info: MIkondo.png used on input line 563.
(pdftex.def)             Requested size: 327.59857pt x 229.31575pt.

<corrKondo.png, id=117, 722.7pt x 505.89pt>
File: corrKondo.png Graphic file (type png)
 <use corrKondo.png>
Package pdftex.def Info: corrKondo.png used on input line 564.
(pdftex.def)             Requested size: 327.59857pt x 229.31575pt.
 [22] [23 <./MIkondo.png> <./corrKondo.png>]
Overfull \hbox (27.4543pt too wide) in alignment at lines 600--605
 [][][] []
 []


Overfull \hbox (34.84904pt too wide) in alignment at lines 614--619
 [][][] []
 []

[24] (./KondoURG14June2020.bbl [25]) [26] (./KondoURG14June2020.aux) ) 
Here is how much of TeX's memory you used:
 4311 strings out of 493488
 57415 string characters out of 3141326
 144827 words of memory out of 3000000
 7561 multiletter control sequences out of 15000+200000
 13019 words of font info for 46 fonts, out of 3000000 for 9000
 957 hyphenation exceptions out of 8191
 38i,13n,30p,1515b,297s stack positions out of 5000i,500n,10000p,200000b,50000s
</usr/loc
al/texlive/2012/texmf-dist/fonts/type1/public/amsfonts/cm/cmbx10.pfb></usr/loca
l/texlive/2012/texmf-dist/fonts/type1/public/amsfonts/cm/cmbx12.pfb></usr/local
/texlive/2012/texmf-dist/fonts/type1/public/amsfonts/cm/cmbx6.pfb></usr/local/t
exlive/2012/texmf-dist/fonts/type1/public/amsfonts/cm/cmbx8.pfb></usr/local/tex
live/2012/texmf-dist/fonts/type1/public/amsfonts/cm/cmex10.pfb></usr/local/texl
ive/2012/texmf-dist/fonts/type1/public/amsfonts/cm/cmmi10.pfb></usr/local/texli
ve/2012/texmf-dist/fonts/type1/public/amsfonts/cm/cmmi12.pfb></usr/local/texliv
e/2012/texmf-dist/fonts/type1/public/amsfonts/cm/cmmi6.pfb></usr/local/texlive/
2012/texmf-dist/fonts/type1/public/amsfonts/cm/cmmi8.pfb></usr/local/texlive/20
12/texmf-dist/fonts/type1/public/amsfonts/cm/cmmib10.pfb></usr/local/texlive/20
12/texmf-dist/fonts/type1/public/amsfonts/cm/cmr10.pfb></usr/local/texlive/2012
/texmf-dist/fonts/type1/public/amsfonts/cm/cmr12.pfb></usr/local/texlive/2012/t
exmf-dist/fonts/type1/public/amsfonts/cm/cmr6.pfb></usr/local/texlive/2012/texm
f-dist/fonts/type1/public/amsfonts/cm/cmr8.pfb></usr/local/texlive/2012/texmf-d
ist/fonts/type1/public/amsfonts/cm/cmsy10.pfb></usr/local/texlive/2012/texmf-di
st/fonts/type1/public/amsfonts/cm/cmsy6.pfb></usr/local/texlive/2012/texmf-dist
/fonts/type1/public/amsfonts/cm/cmsy7.pfb></usr/local/texlive/2012/texmf-dist/f
onts/type1/public/amsfonts/cm/cmsy8.pfb></usr/local/texlive/2012/texmf-dist/fon
ts/type1/public/amsfonts/cm/cmti10.pfb></usr/local/texlive/2012/texmf-dist/font
s/type1/public/amsfonts/cm/cmti12.pfb>
Output written on KondoURG14June2020.pdf (26 pages, 726607 bytes).
PDF statistics:
 201 PDF objects out of 1000 (max. 8388607)
 122 compressed objects within 2 object streams
 0 named destinations out of 1000 (max. 500000)
 76 words of extra memory for PDF output out of 10000 (max. 10000000)

